This is pdfTeX, Version 3.14159265-2.6-1.40.20 (MiKTeX 2.9.7000 64-bit) (preloaded format=pdflatex 2019.4.6)  25 APR 2019 15:01
entering extended mode
**./exemplo-latex.tex
(exemplo-latex.tex
LaTeX2e <2018-12-01>

("C:\Users\Nilson Felipe\AppData\Local\Programs\MiKTeX 2.9\tex/latex/base\artic
le.cls"
Document Class: article 2018/09/03 v1.4i Standard LaTeX document class

("C:\Users\Nilson Felipe\AppData\Local\Programs\MiKTeX 2.9\tex/latex/base\size1
1.clo"
File: size11.clo 2018/09/03 v1.4i Standard LaTeX file (size option)
)
\c@part=\count80
\c@section=\count81
\c@subsection=\count82
\c@subsubsection=\count83
\c@paragraph=\count84
\c@subparagraph=\count85
\c@figure=\count86
\c@table=\count87
\abovecaptionskip=\skip41
\belowcaptionskip=\skip42
\bibindent=\dimen102
) (sbpo-template.sty
Package: sbpo-template 2019/01/03

("C:\Users\Nilson Felipe\AppData\Local\Programs\MiKTeX 2.9\tex/latex/vmargin\vm
argin.sty"
Package: vmargin 2004/07/15 V2.5 set document margins (VK)

Package: vmargin 2004/07/15 V2.5 set document margins (VK)
\PaperWidth=\dimen103
\PaperHeight=\dimen104
)
("C:\Users\Nilson Felipe\AppData\Local\Programs\MiKTeX 2.9\tex/latex/psnfss\tim
es.sty"
Package: times 2005/04/12 PSNFSS-v9.2a (SPQR) 
)
("C:\Users\Nilson Felipe\AppData\Local\Programs\MiKTeX 2.9\tex/latex/caption\ca
ption2.sty"
Package: caption2 2015/09/15 v2.2-100 Customising captions (AR)


Package caption2 Warning: ****************************************************
(caption2)                THIS PACKAGE IS OBSOLETE:
(caption2)                This package attempts to provide an `caption2'
(caption2)                package v2.0/2.1 author environment so that OLD
(caption2)                documents can be successfully processed. It should
(caption2)                NOT be used for NEW documents! New documents should
(caption2)                use the regular `caption' package v3.x instead.
(caption2)                ****************************************************


("C:\Users\Nilson Felipe\AppData\Local\Programs\MiKTeX 2.9\tex/latex/caption\ca
ption3.sty"
Package: caption3 2018/09/12 v1.8c caption3 kernel (AR)
Package caption3 Info: TeX engine: e-TeX on input line 64.

("C:\Users\Nilson Felipe\AppData\Local\Programs\MiKTeX 2.9\tex/latex/graphics\k
eyval.sty"
Package: keyval 2014/10/28 v1.15 key=value parser (DPC)
\KV@toks@=\toks14
)
\captionmargin=\dimen105
\captionmargin@=\dimen106
\captionwidth=\dimen107
\caption@tempdima=\dimen108
\caption@indent=\dimen109
\caption@parindent=\dimen110
\caption@hangindent=\dimen111
)
Package caption2 Info: Running in caption2 v2.0 compatibility mode on input lin
e 218.
\captionlinewidth=\dimen112
\realcaptionwidth=\dimen113
)
("C:\Users\Nilson Felipe\AppData\Local\Programs\MiKTeX 2.9\tex/latex/titlesec\t
itlesec.sty"
Package: titlesec 2016/03/21 v2.10.2 Sectioning titles
\ttl@box=\box27
\beforetitleunit=\skip43
\aftertitleunit=\skip44
\ttl@plus=\dimen114
\ttl@minus=\dimen115
\ttl@toksa=\toks15
\titlewidth=\dimen116
\titlewidthlast=\dimen117
\titlewidthfirst=\dimen118
))
("C:\Users\Nilson Felipe\AppData\Local\Programs\MiKTeX 2.9\tex/latex/base\input
enc.sty"
Package: inputenc 2018/08/11 v1.3c Input encoding file
\inpenc@prehook=\toks16
\inpenc@posthook=\toks17

("C:\Users\Nilson Felipe\AppData\Local\Programs\MiKTeX 2.9\tex/latex/base\latin
1.def"
File: latin1.def 2018/08/11 v1.3c Input encoding file
))
("C:\Users\Nilson Felipe\AppData\Local\Programs\MiKTeX 2.9\tex/latex/amsmath\am
smath.sty"
Package: amsmath 2018/12/01 v2.17b AMS math features
\@mathmargin=\skip45

For additional information on amsmath, use the `?' option.

("C:\Users\Nilson Felipe\AppData\Local\Programs\MiKTeX 2.9\tex/latex/amsmath\am
stext.sty"
Package: amstext 2000/06/29 v2.01 AMS text

("C:\Users\Nilson Felipe\AppData\Local\Programs\MiKTeX 2.9\tex/latex/amsmath\am
sgen.sty"
File: amsgen.sty 1999/11/30 v2.0 generic functions
\@emptytoks=\toks18
\ex@=\dimen119
))
("C:\Users\Nilson Felipe\AppData\Local\Programs\MiKTeX 2.9\tex/latex/amsmath\am
sbsy.sty"
Package: amsbsy 1999/11/29 v1.2d Bold Symbols
\pmbraise@=\dimen120
)
("C:\Users\Nilson Felipe\AppData\Local\Programs\MiKTeX 2.9\tex/latex/amsmath\am
sopn.sty"
Package: amsopn 2016/03/08 v2.02 operator names
)
\inf@bad=\count88
LaTeX Info: Redefining \frac on input line 223.
\uproot@=\count89
\leftroot@=\count90
LaTeX Info: Redefining \overline on input line 385.
\classnum@=\count91
\DOTSCASE@=\count92
LaTeX Info: Redefining \ldots on input line 482.
LaTeX Info: Redefining \dots on input line 485.
LaTeX Info: Redefining \cdots on input line 606.
\Mathstrutbox@=\box28
\strutbox@=\box29
\big@size=\dimen121
LaTeX Font Info:    Redeclaring font encoding OML on input line 729.
LaTeX Font Info:    Redeclaring font encoding OMS on input line 730.
\macc@depth=\count93
\c@MaxMatrixCols=\count94
\dotsspace@=\muskip10
\c@parentequation=\count95
\dspbrk@lvl=\count96
\tag@help=\toks19
\row@=\count97
\column@=\count98
\maxfields@=\count99
\andhelp@=\toks20
\eqnshift@=\dimen122
\alignsep@=\dimen123
\tagshift@=\dimen124
\tagwidth@=\dimen125
\totwidth@=\dimen126
\lineht@=\dimen127
\@envbody=\toks21
\multlinegap=\skip46
\multlinetaggap=\skip47
\mathdisplay@stack=\toks22
LaTeX Info: Redefining \[ on input line 2844.
LaTeX Info: Redefining \] on input line 2845.
)
("C:\Users\Nilson Felipe\AppData\Local\Programs\MiKTeX 2.9\tex/latex/amsfonts\a
mssymb.sty"
Package: amssymb 2013/01/14 v3.01 AMS font symbols

("C:\Users\Nilson Felipe\AppData\Local\Programs\MiKTeX 2.9\tex/latex/amsfonts\a
msfonts.sty"
Package: amsfonts 2013/01/14 v3.01 Basic AMSFonts support
\symAMSa=\mathgroup4
\symAMSb=\mathgroup5
LaTeX Font Info:    Overwriting math alphabet `\mathfrak' in version `bold'
(Font)                  U/euf/m/n --> U/euf/b/n on input line 106.
))
("C:\Users\Nilson Felipe\AppData\Local\Programs\MiKTeX 2.9\tex/latex/url\url.st
y"
\Urlmuskip=\muskip11
Package: url 2013/09/16  ver 3.4  Verb mode for urls, etc.
)
("C:\Users\Nilson Felipe\AppData\Local\Programs\MiKTeX 2.9\tex/latex/natbib\nat
bib.sty"
Package: natbib 2010/09/13 8.31b (PWD, AO)
\bibhang=\skip48
\bibsep=\skip49
LaTeX Info: Redefining \cite on input line 694.
\c@NAT@ctr=\count100
)
("C:\Users\Nilson Felipe\AppData\Local\Programs\MiKTeX 2.9\tex/latex/tools\inde
ntfirst.sty"
Package: indentfirst 1995/11/23 v1.03 Indent first paragraph (DPC)
)
("C:\Users\Nilson Felipe\AppData\Local\Programs\MiKTeX 2.9\tex/latex/fancyhdr\f
ancyhdr.sty"
Package: fancyhdr 2019/01/31 v3.10 Extensive control of page headers and footer
s
\f@nch@headwidth=\skip50
\f@nch@O@elh=\skip51
\f@nch@O@erh=\skip52
\f@nch@O@olh=\skip53
\f@nch@O@orh=\skip54
\f@nch@O@elf=\skip55
\f@nch@O@erf=\skip56
\f@nch@O@olf=\skip57
\f@nch@O@orf=\skip58
)
("C:\Users\Nilson Felipe\AppData\Local\Programs\MiKTeX 2.9\tex/latex/graphics\g
raphicx.sty"
Package: graphicx 2017/06/01 v1.1a Enhanced LaTeX Graphics (DPC,SPQR)

("C:\Users\Nilson Felipe\AppData\Local\Programs\MiKTeX 2.9\tex/latex/graphics\g
raphics.sty"
Package: graphics 2017/06/25 v1.2c Standard LaTeX Graphics (DPC,SPQR)

("C:\Users\Nilson Felipe\AppData\Local\Programs\MiKTeX 2.9\tex/latex/graphics\t
rig.sty"
Package: trig 2016/01/03 v1.10 sin cos tan (DPC)
)
("C:\Users\Nilson Felipe\AppData\Local\Programs\MiKTeX 2.9\tex/latex/graphics-c
fg\graphics.cfg"
File: graphics.cfg 2016/06/04 v1.11 sample graphics configuration
)
Package graphics Info: Driver file: pdftex.def on input line 99.

("C:\Users\Nilson Felipe\AppData\Local\Programs\MiKTeX 2.9\tex/latex/graphics-d
ef\pdftex.def"
File: pdftex.def 2018/01/08 v1.0l Graphics/color driver for pdftex
))
\Gin@req@height=\dimen128
\Gin@req@width=\dimen129
)
("C:\Users\Nilson Felipe\AppData\Local\Programs\MiKTeX 2.9\tex/latex/algorithm2
e\algorithm2e.sty"
Package: algorithm2e 2017/07/18 v5.2 algorithms environments
\c@AlgoLine=\count101

("C:\Users\Nilson Felipe\AppData\Local\Programs\MiKTeX 2.9\tex/latex/base\ifthe
n.sty"
Package: ifthen 2014/09/29 v1.1c Standard LaTeX ifthen package (DPC)
)
\algocf@hangindent=\skip59

("C:\Users\Nilson Felipe\AppData\Local\Programs\MiKTeX 2.9\tex/latex/ifoddpage\
ifoddpage.sty"
Package: ifoddpage 2016/04/23 v1.1 Conditionals for odd/even page detection
\c@checkoddpage=\count102
)
("C:\Users\Nilson Felipe\AppData\Local\Programs\MiKTeX 2.9\tex/latex/tools\xspa
ce.sty"
Package: xspace 2014/10/28 v1.13 Space after command names (DPC,MH)
)
("C:\Users\Nilson Felipe\AppData\Local\Programs\MiKTeX 2.9\tex/latex/relsize\re
lsize.sty"
Package: relsize 2013/03/29 ver 4.1
)
\skiptotal=\skip60
\skiplinenumber=\skip61
\skiprule=\skip62
\skiphlne=\skip63
\skiptext=\skip64
\skiplength=\skip65
\algomargin=\skip66
\skipalgocfslide=\skip67
\algowidth=\dimen130
\inoutsize=\dimen131
\inoutindent=\dimen132
\interspacetitleruled=\dimen133
\interspacealgoruled=\dimen134
\interspacetitleboxruled=\dimen135
\algocf@ruledwidth=\skip68
\algocf@inoutbox=\box30
\algocf@inputbox=\box31
\AlCapSkip=\skip69
\AlCapHSkip=\skip70
\algoskipindent=\skip71
\algocf@nlbox=\box32
\algocf@hangingbox=\box33
\algocf@untilbox=\box34
\algocf@skipuntil=\skip72
\algocf@capbox=\box35
\algocf@lcaptionbox=\skip73
\algoheightruledefault=\skip74
\algoheightrule=\skip75
\algotitleheightruledefault=\skip76
\algotitleheightrule=\skip77
\c@algocfline=\count103
\c@algocfproc=\count104
\c@algocf=\count105
\algocf@algoframe=\box36
\algocf@algobox=\box37
) (exemplo-latex.aux)
\openout1 = `exemplo-latex.aux'.

LaTeX Font Info:    Checking defaults for OML/cmm/m/it on input line 21.
LaTeX Font Info:    ... okay on input line 21.
LaTeX Font Info:    Checking defaults for T1/cmr/m/n on input line 21.
LaTeX Font Info:    ... okay on input line 21.
LaTeX Font Info:    Checking defaults for OT1/cmr/m/n on input line 21.
LaTeX Font Info:    ... okay on input line 21.
LaTeX Font Info:    Checking defaults for OMS/cmsy/m/n on input line 21.
LaTeX Font Info:    ... okay on input line 21.
LaTeX Font Info:    Checking defaults for OMX/cmex/m/n on input line 21.
LaTeX Font Info:    ... okay on input line 21.
LaTeX Font Info:    Checking defaults for U/cmr/m/n on input line 21.
LaTeX Font Info:    ... okay on input line 21.
LaTeX Font Info:    Try loading font information for OT1+ptm on input line 21.

("C:\Users\Nilson Felipe\AppData\Local\Programs\MiKTeX 2.9\tex/latex/psnfss\ot1
ptm.fd"
File: ot1ptm.fd 2001/06/04 font definitions for OT1/ptm.
)
Package caption Info: Begin \AtBeginDocument code.
Package caption Info: End \AtBeginDocument code.

("C:\Users\Nilson Felipe\AppData\Local\Programs\MiKTeX 2.9\tex/context/base/mki
i\supp-pdf.mkii"
[Loading MPS to PDF converter (version 2006.09.02).]
\scratchcounter=\count106
\scratchdimen=\dimen136
\scratchbox=\box38
\nofMPsegments=\count107
\nofMParguments=\count108
\everyMPshowfont=\toks23
\MPscratchCnt=\count109
\MPscratchDim=\dimen137
\MPnumerator=\count110
\makeMPintoPDFobject=\count111
\everyMPtoPDFconversion=\toks24
)
("C:\Users\Nilson Felipe\AppData\Local\Programs\MiKTeX 2.9\tex/latex/oberdiek\e
pstopdf-base.sty"
Package: epstopdf-base 2016/05/15 v2.6 Base part for package epstopdf

("C:\Users\Nilson Felipe\AppData\Local\Programs\MiKTeX 2.9\tex/generic/oberdiek
\infwarerr.sty"
Package: infwarerr 2016/05/16 v1.4 Providing info/warning/error messages (HO)
)
("C:\Users\Nilson Felipe\AppData\Local\Programs\MiKTeX 2.9\tex/latex/oberdiek\g
rfext.sty"
Package: grfext 2016/05/16 v1.2 Manage graphics extensions (HO)

("C:\Users\Nilson Felipe\AppData\Local\Programs\MiKTeX 2.9\tex/generic/oberdiek
\kvdefinekeys.sty"
Package: kvdefinekeys 2016/05/16 v1.4 Define keys (HO)

("C:\Users\Nilson Felipe\AppData\Local\Programs\MiKTeX 2.9\tex/generic/oberdiek
\ltxcmds.sty"
Package: ltxcmds 2016/05/16 v1.23 LaTeX kernel commands for general use (HO)
)))
("C:\Users\Nilson Felipe\AppData\Local\Programs\MiKTeX 2.9\tex/latex/oberdiek\k
voptions.sty"
Package: kvoptions 2016/05/16 v3.12 Key value format for package options (HO)

("C:\Users\Nilson Felipe\AppData\Local\Programs\MiKTeX 2.9\tex/generic/oberdiek
\kvsetkeys.sty"
Package: kvsetkeys 2016/05/16 v1.17 Key value parser (HO)

("C:\Users\Nilson Felipe\AppData\Local\Programs\MiKTeX 2.9\tex/generic/oberdiek
\etexcmds.sty"
Package: etexcmds 2016/05/16 v1.6 Avoid name clashes with e-TeX commands (HO)

("C:\Users\Nilson Felipe\AppData\Local\Programs\MiKTeX 2.9\tex/generic/oberdiek
\ifluatex.sty"
Package: ifluatex 2016/05/16 v1.4 Provides the ifluatex switch (HO)
Package ifluatex Info: LuaTeX not detected.
))))
("C:\Users\Nilson Felipe\AppData\Local\Programs\MiKTeX 2.9\tex/generic/oberdiek
\pdftexcmds.sty"
Package: pdftexcmds 2018/09/10 v0.29 Utility functions of pdfTeX for LuaTeX (HO
)

("C:\Users\Nilson Felipe\AppData\Local\Programs\MiKTeX 2.9\tex/generic/oberdiek
\ifpdf.sty"
Package: ifpdf 2018/09/07 v3.3 Provides the ifpdf switch
)
Package pdftexcmds Info: LuaTeX not detected.
Package pdftexcmds Info: \pdf@primitive is available.
Package pdftexcmds Info: \pdf@ifprimitive is available.
Package pdftexcmds Info: \pdfdraftmode found.
)
Package epstopdf-base Info: Redefining graphics rule for `.eps' on input line 4
38.
Package grfext Info: Graphics extension search list:
(grfext)             [.pdf,.png,.jpg,.mps,.jpeg,.jbig2,.jb2,.PDF,.PNG,.JPG,.JPE
G,.JBIG2,.JB2,.eps]
(grfext)             \AppendGraphicsExtensions on input line 456.
)
LaTeX Font Info:    Font shape `OT1/ptm/bx/n' in size <13> not available
(Font)              Font shape `OT1/ptm/b/n' tried instead on input line 25.
LaTeX Font Info:    Font shape `OT1/ptm/bx/n' in size <10.95> not available
(Font)              Font shape `OT1/ptm/b/n' tried instead on input line 29.
LaTeX Font Info:    Try loading font information for OT1+pcr on input line 32.

("C:\Users\Nilson Felipe\AppData\Local\Programs\MiKTeX 2.9\tex/latex/psnfss\ot1
pcr.fd"
File: ot1pcr.fd 2001/06/04 font definitions for OT1/pcr.
)
LaTeX Font Info:    Font shape `OT1/ptm/bx/n' in size <11> not available
(Font)              Font shape `OT1/ptm/b/n' tried instead on input line 43.
LaTeX Font Info:    Try loading font information for U+msa on input line 44.

("C:\Users\Nilson Felipe\AppData\Local\Programs\MiKTeX 2.9\tex/latex/amsfonts\u
msa.fd"
File: umsa.fd 2013/01/14 v3.01 AMS symbols A
)
LaTeX Font Info:    Try loading font information for U+msb on input line 44.

("C:\Users\Nilson Felipe\AppData\Local\Programs\MiKTeX 2.9\tex/latex/amsfonts\u
msb.fd"
File: umsb.fd 2013/01/14 v3.01 AMS symbols B
)
<cabecalho_sbpo.png, id=1, 462.528pt x 92.345pt>
File: cabecalho_sbpo.png Graphic file (type png)
<use cabecalho_sbpo.png>
Package pdftex.def Info: cabecalho_sbpo.png  used on input line 71.
(pdftex.def)             Requested size: 433.12209pt x 86.47879pt.


Package Fancyhdr Warning: \footskip is too small (0.0pt): 
Make it at least 4.08003pt.
We now make it that large for the rest of the document.
This may cause the page layout to be inconsistent, however.

[1

{C:/Users/Nilson Felipe/AppData/Local/MiKTeX/2.9/pdftex/config/pdftex.map} <./c
abecalho_sbpo.png>]

Package natbib Warning: Citation `ruiz2017makespan' on page 2 undefined on inpu
t line 78.


Package natbib Warning: Citation `ruiz2017makespan' on page 2 undefined on inpu
t line 80.


Package natbib Warning: Citation `ruiz2017makespan' on page 2 undefined on inpu
t line 80.


Package natbib Warning: Citation `gupta1988single' on page 2 undefined on input
 line 84.


Package natbib Warning: Citation `browne1990scheduling' on page 2 undefined on 
input line 84.


Package natbib Warning: Citation `mosheiov1991v' on page 2 undefined on input l
ine 84.


Package natbib Warning: Citation `mosheiov1994scheduling' on page 2 undefined o
n input line 84.


Package natbib Warning: Citation `Mosheiov1998' on page 2 undefined on input li
ne 88.


Package natbib Warning: Citation `JI2008342' on page 2 undefined on input line 
88.


Package natbib Warning: Citation `cheng2001single' on page 2 undefined on input
 line 88.


Package natbib Warning: Citation `leung2008minimizing' on page 2 undefined on i
nput line 88.


Package natbib Warning: Citation `lalla2016modeling' on page 2 undefined on inp
ut line 88.


Package natbib Warning: Citation `RUIZTORRES20132051' on page 2 undefined on in
put line 90.


Package natbib Warning: Citation `SantosArroyo2015' on page 2 undefined on inpu
t line 90.


Package natbib Warning: Citation `Yang2011' on page 2 undefined on input line 9
2.


Package natbib Warning: Citation `YANG20121458' on page 2 undefined on input li
ne 92.


Package natbib Warning: Citation `HUANG20152897' on page 2 undefined on input l
ine 92.


Package natbib Warning: Citation `ruiz2017makespan' on page 2 undefined on inpu
t line 94.


Package natbib Warning: Citation `DING201935' on page 2 undefined on input line
 94.

File: cabecalho_sbpo.png Graphic file (type png)
<use cabecalho_sbpo.png>
Package pdftex.def Info: cabecalho_sbpo.png  used on input line 95.
(pdftex.def)             Requested size: 433.12209pt x 86.47879pt.
[2]

Package natbib Warning: Citation `ruiz2017makespan' on page 3 undefined on inpu
t line 96.

LaTeX Font Info:    Try loading font information for OMS+ptm on input line 107.


("C:\Users\Nilson Felipe\AppData\Local\Programs\MiKTeX 2.9\tex/latex/psnfss\oms
ptm.fd"
File: omsptm.fd 
)
LaTeX Font Info:    Font shape `OMS/ptm/m/n' in size <10.95> not available
(Font)              Font shape `OMS/cmsy/m/n' tried instead on input line 107.


Package natbib Warning: Citation `ruiz2017makespan' on page 3 undefined on inpu
t line 121.

File: cabecalho_sbpo.png Graphic file (type png)
<use cabecalho_sbpo.png>
Package pdftex.def Info: cabecalho_sbpo.png  used on input line 128.
(pdftex.def)             Requested size: 433.12209pt x 86.47879pt.
[3]

LaTeX Warning: Reference `eq:fo_mod1' on page 4 undefined on input line 168.


LaTeX Warning: Reference `eq:uniqueAct_mod1' on page 4 undefined on input line 
168.


LaTeX Warning: Reference `eq:mandJob_mod1' on page 4 undefined on input line 16
8.


LaTeX Warning: Reference `eq:cMax_mod1' on page 4 undefined on input line 168.


LaTeX Warning: Reference `eq:det_mod1' on page 4 undefined on input line 168.


LaTeX Warning: Reference `eq:qInit_mod1' on page 4 undefined on input line 168.



LaTeX Warning: Reference `eq:xDef_mod1' on page 4 undefined on input line 168.


LaTeX Warning: Reference `eq:qDef_mod1' on page 4 undefined on input line 168.


LaTeX Warning: Reference `eq:cMax_mod1' on page 4 undefined on input line 170.


LaTeX Warning: Reference `eq:det_mod1' on page 4 undefined on input line 170.


LaTeX Warning: Reference `eq:cMax_mod1' on page 4 undefined on input line 170.

File: cabecalho_sbpo.png Graphic file (type png)
<use cabecalho_sbpo.png>
Package pdftex.def Info: cabecalho_sbpo.png  used on input line 177.
(pdftex.def)             Requested size: 433.12209pt x 86.47879pt.
[4]

LaTeX Warning: Reference `eq:fo_mod2' on page 5 undefined on input line 229.


LaTeX Warning: Reference `eq:mandJob_mod2' on page 5 undefined on input line 22
9.


LaTeX Warning: Reference `eq:procTime1_mod2' on page 5 undefined on input line 
229.


LaTeX Warning: Reference `eq:procTime2_mod2' on page 5 undefined on input line 
229.


LaTeX Warning: Reference `eq:cMax_mod2' on page 5 undefined on input line 229.


LaTeX Warning: Reference `eq:cMax_mod1' on page 5 undefined on input line 229.


LaTeX Warning: Reference `eq:det_mod2' on page 5 undefined on input line 229.


LaTeX Warning: Reference `eq:det_mod1' on page 5 undefined on input line 229.


LaTeX Warning: Reference `eq:qDef_mod2' on page 5 undefined on input line 229.


LaTeX Warning: Reference `eq:qDef_mod1' on page 5 undefined on input line 229.


LaTeX Warning: Reference `eq:xDef_mod2' on page 5 undefined on input line 229.


LaTeX Warning: Reference `eq:qDef_mod2' on page 5 undefined on input line 229.

File: cabecalho_sbpo.png Graphic file (type png)
<use cabecalho_sbpo.png>
Package pdftex.def Info: cabecalho_sbpo.png  used on input line 239.
(pdftex.def)             Requested size: 433.12209pt x 86.47879pt.
[5]

LaTeX Warning: Reference `eq:consecMaint_mod2' on page 6 undefined on input lin
e 245.


LaTeX Warning: Reference `eq:consecSlot1_mod2' on page 6 undefined on input lin
e 247.


LaTeX Warning: Reference `eq:consecSlot2_mod2' on page 6 undefined on input lin
e 247.


LaTeX Warning: Reference `eq:fo_mod2' on page 6 undefined on input line 249.


LaTeX Warning: Reference `eq:consecSlot2_mod2' on page 6 undefined on input lin
e 249.

LaTeX Font Info:    Font shape `OT1/ptm/bx/n' in size <6> not available
(Font)              Font shape `OT1/ptm/b/n' tried instead on input line 291.
LaTeX Font Info:    Try loading font information for OT1+phv on input line 293.


("C:\Users\Nilson Felipe\AppData\Local\Programs\MiKTeX 2.9\tex/latex/psnfss\ot1
phv.fd"
File: ot1phv.fd 2001/06/04 scalable font definitions for OT1/phv.
)

Package relsize Warning: Font size 4.16667pt is too small.
(relsize)                Using 6.0pt instead on input line 296.


Package relsize Warning: Font size 4.16667pt is too small.
(relsize)                Using 6.0pt instead on input line 297.


Package relsize Warning: Font size 4.16667pt is too small.
(relsize)                Using 6.0pt instead on input line 299.


Package relsize Warning: Font size 4.16667pt is too small.
(relsize)                Using 6.0pt instead on input line 300.


Package relsize Warning: Font size 4.16667pt is too small.
(relsize)                Using 6.0pt instead on input line 321.


Package relsize Warning: Font size 4.16667pt is too small.
(relsize)                Using 6.0pt instead on input line 321.


Package relsize Warning: Font size 4.16667pt is too small.
(relsize)                Using 6.0pt instead on input line 321.


Package relsize Warning: Font size 4.16667pt is too small.
(relsize)                Using 6.0pt instead on input line 321.


Package relsize Warning: Font size 4.16667pt is too small.
(relsize)                Using 6.0pt instead on input line 321.


Package relsize Warning: Font size 4.16667pt is too small.
(relsize)                Using 6.0pt instead on input line 321.


Package relsize Warning: Font size 4.16667pt is too small.
(relsize)                Using 6.0pt instead on input line 321.


Package relsize Warning: Font size 4.16667pt is too small.
(relsize)                Using 6.0pt instead on input line 321.


Package relsize Warning: Font size 4.16667pt is too small.
(relsize)                Using 6.0pt instead on input line 321.


Package relsize Warning: Font size 4.16667pt is too small.
(relsize)                Using 6.0pt instead on input line 321.


Package relsize Warning: Font size 4.16667pt is too small.
(relsize)                Using 6.0pt instead on input line 321.


Package relsize Warning: Font size 4.16667pt is too small.
(relsize)                Using 6.0pt instead on input line 321.


Package relsize Warning: Font size 4.16667pt is too small.
(relsize)                Using 6.0pt instead on input line 321.


Package relsize Warning: Font size 4.16667pt is too small.
(relsize)                Using 6.0pt instead on input line 321.

File: cabecalho_sbpo.png Graphic file (type png)
<use cabecalho_sbpo.png>
Package pdftex.def Info: cabecalho_sbpo.png  used on input line 326.
(pdftex.def)             Requested size: 433.12209pt x 86.47879pt.
[6]

LaTeX Warning: Reference `ILS' on page 7 undefined on input line 326.

File: cabecalho_sbpo.png Graphic file (type png)
<use cabecalho_sbpo.png>
Package pdftex.def Info: cabecalho_sbpo.png  used on input line 344.
(pdftex.def)             Requested size: 433.12209pt x 86.47879pt.
[7]

Package natbib Warning: Citation `ruiz2017makespan' on page 8 undefined on inpu
t line 348.


Package natbib Warning: Citation `ruiz2017makespan' on page 8 undefined on inpu
t line 356.


Package natbib Warning: Citation `ruiz2017makespan' on page 8 undefined on inpu
t line 358.

File: cabecalho_sbpo.png Graphic file (type png)
<use cabecalho_sbpo.png>
Package pdftex.def Info: cabecalho_sbpo.png  used on input line 367.
(pdftex.def)             Requested size: 433.12209pt x 86.47879pt.
[8]
File: cabecalho_sbpo.png Graphic file (type png)
<use cabecalho_sbpo.png>
Package pdftex.def Info: cabecalho_sbpo.png  used on input line 520.
(pdftex.def)             Requested size: 433.12209pt x 86.47879pt.
 [9] (exemplo-latex.bbl
Underfull \hbox (badness 10000) in paragraph at lines 534--1

 []

File: cabecalho_sbpo.png Graphic file (type png)
<use cabecalho_sbpo.png>
Package pdftex.def Info: cabecalho_sbpo.png  used on input line 11.
(pdftex.def)             Requested size: 433.12209pt x 86.47879pt.
[10]
File: cabecalho_sbpo.png Graphic file (type png)
<use cabecalho_sbpo.png>
Package pdftex.def Info: cabecalho_sbpo.png  used on input line 51.
(pdftex.def)             Requested size: 433.12209pt x 86.47879pt.
 [11])

Package natbib Warning: There were undefined citations.

File: cabecalho_sbpo.png Graphic file (type png)
<use cabecalho_sbpo.png>
Package pdftex.def Info: cabecalho_sbpo.png  used on input line 539.
(pdftex.def)             Requested size: 433.12209pt x 86.47879pt.
[12] (exemplo-latex.aux

Package natbib Warning: Citation(s) may have changed.
(natbib)                Rerun to get citations correct.

)

LaTeX Warning: There were undefined references.


LaTeX Warning: Label(s) may have changed. Rerun to get cross-references right.

 ) 
Here is how much of TeX's memory you used:
 5303 strings out of 492945
 80054 string characters out of 3122699
 205715 words of memory out of 3000000
 9088 multiletter control sequences out of 15000+200000
 27889 words of font info for 63 fonts, out of 3000000 for 9000
 1141 hyphenation exceptions out of 8191
 43i,15n,43p,1139b,528s stack positions out of 5000i,500n,10000p,200000b,50000s
{C:/Users/Nilson Felipe/AppData/Local/Programs/MiKTeX 2.9/fonts/enc/dvips/bas
e/8r.enc}<C:/Users/Nilson Felipe/AppData/Local/Programs/MiKTeX 2.9/fonts/type1/
public/amsfonts/cm/cmex10.pfb><C:/Users/Nilson Felipe/AppData/Local/Programs/Mi
KTeX 2.9/fonts/type1/public/amsfonts/cm/cmmi10.pfb><C:/Users/Nilson Felipe/AppD
ata/Local/Programs/MiKTeX 2.9/fonts/type1/public/amsfonts/cm/cmmi6.pfb><C:/User
s/Nilson Felipe/AppData/Local/Programs/MiKTeX 2.9/fonts/type1/public/amsfonts/c
m/cmmi8.pfb><C:/Users/Nilson Felipe/AppData/Local/Programs/MiKTeX 2.9/fonts/typ
e1/public/amsfonts/cm/cmr10.pfb><C:/Users/Nilson Felipe/AppData/Local/Programs/
MiKTeX 2.9/fonts/type1/public/amsfonts/cm/cmr6.pfb><C:/Users/Nilson Felipe/AppD
ata/Local/Programs/MiKTeX 2.9/fonts/type1/public/amsfonts/cm/cmr8.pfb><C:/Users
/Nilson Felipe/AppData/Local/Programs/MiKTeX 2.9/fonts/type1/public/amsfonts/cm
/cmsy10.pfb><C:/Users/Nilson Felipe/AppData/Local/Programs/MiKTeX 2.9/fonts/typ
e1/public/amsfonts/cm/cmsy6.pfb><C:/Users/Nilson Felipe/AppData/Local/Programs/
MiKTeX 2.9/fonts/type1/public/amsfonts/cm/cmsy8.pfb><C:/Users/Nilson Felipe/App
Data/Local/Programs/MiKTeX 2.9/fonts/type1/urw/courier/ucrr8a.pfb><C:/Users/Nil
son Felipe/AppData/Local/Programs/MiKTeX 2.9/fonts/type1/urw/helvetic/uhvr8a.pf
b><C:/Users/Nilson Felipe/AppData/Local/Programs/MiKTeX 2.9/fonts/type1/urw/tim
es/utmb8a.pfb><C:/Users/Nilson Felipe/AppData/Local/Programs/MiKTeX 2.9/fonts/t
ype1/urw/times/utmr8a.pfb><C:/Users/Nilson Felipe/AppData/Local/Programs/MiKTeX
 2.9/fonts/type1/urw/times/utmri8a.pfb>
Output written on exemplo-latex.pdf (12 pages, 364236 bytes).
PDF statistics:
 105 PDF objects out of 1000 (max. 8388607)
 0 named destinations out of 1000 (max. 500000)
 6 words of extra memory for PDF output out of 10000 (max. 10000000)

